Arguments: 
  C:\Program Files\nodejs\node.exe C:\Users\Elias\AppData\Roaming\npm\node_modules\yarn\bin\yarn.js add doscord.js

PATH: 
  C:\Program Files\Common Files\Oracle\Java\javapath;C:\Program Files (x86)\Common Files\Oracle\Java\javapath;C:\ProgramData\Oracle\Java\javapath;C:\WINDOWS\system32;C:\WINDOWS;C:\WINDOWS\System32\Wbem;C:\WINDOWS\System32\WindowsPowerShell\v1.0\;C:\Program Files\Intel\WiFi\bin\;C:\Program Files\Common Files\Intel\WirelessCommon\;C:\WINDOWS\System32\OpenSSH\;C:\Program Files\Git\cmd;C:\Program Files\PuTTY\;C:\Program Files (x86)\dotnet\;C:\Program Files\nodejs\;C:\Users\Elias\AppData\Local\Programs\Python\Python37-32\Scripts\;C:\Users\Elias\AppData\Local\Programs\Python\Python37-32\;C:\Users\Elias\AppData\Local\Microsoft\WindowsApps;C:\Users\Elias\AppData\Local\now-cli;C:\Users\Elias\AppData\Local\Programs\Microsoft VS Code\bin;C:\Program Files\heroku\bin;C:\Users\Elias\AppData\Roaming\npm;%USERPROFILE%\AppData\Local\Microsoft\WindowsApps;

Yarn version: 
  1.22.10

Node version: 
  16.10.0

Platform: 
  win32 x64

Trace: 
  Error: https://registry.yarnpkg.com/doscord.js: Not found
      at Request.params.callback [as _callback] (C:\Users\Elias\AppData\Roaming\npm\node_modules\yarn\lib\cli.js:66988:18)
      at Request.self.callback (C:\Users\Elias\AppData\Roaming\npm\node_modules\yarn\lib\cli.js:140662:22)
      at Request.emit (node:events:390:28)
      at Request.<anonymous> (C:\Users\Elias\AppData\Roaming\npm\node_modules\yarn\lib\cli.js:141634:10)
      at Request.emit (node:events:390:28)
      at IncomingMessage.<anonymous> (C:\Users\Elias\AppData\Roaming\npm\node_modules\yarn\lib\cli.js:141556:12)
      at Object.onceWrapper (node:events:509:28)
      at IncomingMessage.emit (node:events:402:35)
      at endReadableNT (node:internal/streams/readable:1343:12)
      at processTicksAndRejections (node:internal/process/task_queues:83:21)

npm manifest: 
  {
    "name": "bollebygds_community_bot",
    "version": "1.0.0",
    "main": "index.js",
    "author": "Elias Wennerlund (Scoutboy06)",
    "license": "MIT",
    "dependencies": {
      "ytdl-core": "^4.9.1"
    }
  }

yarn manifest: 
  No manifest

Lockfile: 
  # THIS IS AN AUTOGENERATED FILE. DO NOT EDIT THIS FILE DIRECTLY.
  # yarn lockfile v1
  
  
  m3u8stream@^0.8.3:
    version "0.8.4"
    resolved "https://registry.yarnpkg.com/m3u8stream/-/m3u8stream-0.8.4.tgz#15b49d0c2b510755ea43c1e53f85d7aaa4dc65c2"
    integrity sha512-sco80Db+30RvcaIOndenX6E6oQNgTiBKeJbFPc+yDXwPQIkryfboEbCvXPlBRq3mQTCVPQO93TDVlfRwqpD35w==
    dependencies:
      miniget "^4.0.0"
      sax "^1.2.4"
  
  miniget@^4.0.0:
    version "4.2.1"
    resolved "https://registry.yarnpkg.com/miniget/-/miniget-4.2.1.tgz#11a1c24817a059e292378eb9cff4328d9240c665"
    integrity sha512-O/DduzDR6f+oDtVype9S/Qu5hhnx73EDYGyZKwU/qN82lehFZdfhoa4DT51SpsO+8epYrB3gcRmws56ROfTIoQ==
  
  sax@^1.1.3, sax@^1.2.4:
    version "1.2.4"
    resolved "https://registry.yarnpkg.com/sax/-/sax-1.2.4.tgz#2816234e2378bddc4e5354fab5caa895df7100d9"
    integrity sha512-NqVDv9TpANUjFm0N8uM5GxL36UgKi9/atZw+x7YFnQ8ckwFGKrl4xX4yWtrey3UJm5nP1kUbnYgLopqWNSRhWw==
  
  ytdl-core@^4.9.1:
    version "4.9.1"
    resolved "https://registry.yarnpkg.com/ytdl-core/-/ytdl-core-4.9.1.tgz#f587e2bd8329b5133c0bac4ce5ee1f3c7a1175a9"
    integrity sha512-6Jbp5RDhUEozlaJQAR+l8oV8AHsx3WUXxSyPxzE6wOIAaLql7Hjiy0ZM58wZoyj1YEenlEPjEqcJIjKYKxvHtQ==
    dependencies:
      m3u8stream "^0.8.3"
      miniget "^4.0.0"
      sax "^1.1.3"
